<?xml version="1.0" encoding="UTF-8"?>
<!-- Generated by org.testng.reporters.JUnitXMLReporter -->
<testsuite ignored="0" hostname="DESKTOP-ONP7J23" failures="0" tests="1" name="Test" time="0.03" errors="0" timestamp="12 Jun 2023 07:17:27 GMT">
  <testcase classname="FlipkartProjectTestCase.TestCase" name="@BeforeClass setup1" time="0.0">
    <failure type="org.testng.TestNGException" message="
Parameter &amp;apos;Port&amp;apos; is required by BeforeClass on method setup1 but has not been marked @Optional or defined
in C:\Users\sonu\eclipse-workspace\FlipkartProject\testng.xml">
      <![CDATA[org.testng.TestNGException: 
Parameter 'Port' is required by BeforeClass on method setup1 but has not been marked @Optional or defined
in C:\Users\sonu\eclipse-workspace\FlipkartProject\testng.xml
... Removed 23 stack frames]]>
    </failure>
  </testcase> <!-- @BeforeClass setup1 -->
  <testcase classname="FlipkartProjectTestCase.TestCase" name="scenarioDemo" time="0.0">
    <skipped/>
  </testcase> <!-- scenarioDemo -->
</testsuite> <!-- Test -->
